C51 COMPILER V9.60.7.0   PUBLIC                                                            06/20/2023 13:22:31 PAGE 1   


C51 COMPILER V9.60.7.0, COMPILATION OF MODULE PUBLIC
OBJECT MODULE PLACED IN .\Objects\public.obj
COMPILER INVOKED BY: D:\Program Files\Keil_v5\C51\BIN\C51.EXE public\public.c OPTIMIZE(8,SPEED) BROWSE INCDIR(.\user;.\p
                    -ublic;.\app\ds18b20;.\app\oled) DEBUG OBJECTEXTEND PRINT(.\Listings\public.lst) TABS(2) OBJECT(.\Objects\public.obj)

line level    source

   1          #include "public.h"
   2          
   3          /**
   4           * @brief 延时函数，ten_us=1时，大约延时10us
   5           */
   6          void delay_10us(u16 ten_us) {
   7   1          while (ten_us--) {
   8   2              ;
   9   2          }
  10   1      }
  11          
  12          /**
  13           * @brief 延时函数，ten_ms=1时，大约延时10ms
  14           */
  15          void delay_ms(u16 ms) {
  16   1          u16 i, j;
  17   1          for (i = ms; i > 0; i--)
  18   1              for (j = 110; j > 0; j--)
  19   1                  ;
  20   1      }


MODULE INFORMATION:   STATIC OVERLAYABLE
   CODE SIZE        =     41    ----
   CONSTANT SIZE    =   ----    ----
   XDATA SIZE       =   ----    ----
   PDATA SIZE       =   ----    ----
   DATA SIZE        =   ----    ----
   IDATA SIZE       =   ----    ----
   BIT SIZE         =   ----    ----
END OF MODULE INFORMATION.


C51 COMPILATION COMPLETE.  0 WARNING(S),  0 ERROR(S)
